<?xml version="1.0" encoding="UTF-8"?>
<!-- Generated by org.testng.reporters.JUnitReportReporter -->
<testsuite hostname="PS-L6" failures="1" tests="8" name="com.report.test.transaction" time="16.077" errors="0" timestamp="2025-07-17T16:37:06 IST" skipped="7">
  <testcase classname="com.report.test.transaction" name="testTIDInHistoryCardSummarypage" time="6.336">
    <skipped/>
  </testcase> <!-- testTIDInHistoryCardSummarypage -->
  <testcase classname="com.report.test.transaction" name="testTIDInHistoryCardSummarypage" time="0.000">
    <skipped/>
  </testcase> <!-- testTIDInHistoryCardSummarypage -->
  <testcase classname="com.report.test.transaction" name="testTIDInHistoryCardSummarypage" time="0.000">
    <skipped/>
  </testcase> <!-- testTIDInHistoryCardSummarypage -->
  <testcase classname="com.report.test.transaction" name="testTIDInHistoryCardSummarypage" time="0.000">
    <skipped/>
  </testcase> <!-- testTIDInHistoryCardSummarypage -->
  <testcase classname="com.report.test.transaction" name="testTIDInHistoryCardSummarypage" time="0.000">
    <skipped/>
  </testcase> <!-- testTIDInHistoryCardSummarypage -->
  <testcase classname="com.report.test.transaction" name="testTIDInHistoryCardSummarypage" time="0.002">
    <skipped/>
  </testcase> <!-- testTIDInHistoryCardSummarypage -->
  <testcase classname="com.report.test.transaction" name="setUp" time="9.739">
    <failure message="null" type="java.lang.AssertionError">
      <![CDATA[java.lang.AssertionError: null
at org.testng.Assert.fail(Assert.java:111)
at org.testng.Assert.fail(Assert.java:116)
at com.paysecure_Report.pages.transactionPage.navigateUptoTransaction(transactionPage.java:240)
at com.report.test.transaction.setUp(transaction.java:37)
at java.base/jdk.internal.reflect.DirectMethodHandleAccessor.invoke(DirectMethodHandleAccessor.java:103)
at java.base/java.lang.reflect.Method.invoke(Method.java:580)
at org.testng.internal.invokers.MethodInvocationHelper.invokeMethod(MethodInvocationHelper.java:141)
at org.testng.internal.invokers.MethodInvocationHelper.invokeMethodConsideringTimeout(MethodInvocationHelper.java:71)
at org.testng.internal.invokers.ConfigInvoker.invokeConfigurationMethod(ConfigInvoker.java:400)
at org.testng.internal.invokers.ConfigInvoker.invokeConfigurations(ConfigInvoker.java:333)
at org.testng.internal.invokers.TestInvoker.runConfigMethods(TestInvoker.java:836)
at org.testng.internal.invokers.TestInvoker.invokeMethod(TestInvoker.java:601)
at org.testng.internal.invokers.TestInvoker.invokeTestMethod(TestInvoker.java:230)
at org.testng.internal.invokers.MethodRunner.runInSequence(MethodRunner.java:63)
at org.testng.internal.invokers.TestInvoker$MethodInvocationAgent.invoke(TestInvoker.java:995)
at org.testng.internal.invokers.TestInvoker.invokeTestMethods(TestInvoker.java:203)
at org.testng.internal.invokers.TestMethodWorker.invokeTestMethods(TestMethodWorker.java:154)
at org.testng.internal.invokers.TestMethodWorker.run(TestMethodWorker.java:134)
at java.base/java.util.ArrayList.forEach(ArrayList.java:1596)
at org.testng.TestRunner.privateRun(TestRunner.java:741)
at org.testng.TestRunner.run(TestRunner.java:616)
at org.testng.SuiteRunner.runTest(SuiteRunner.java:421)
at org.testng.SuiteRunner.runSequentially(SuiteRunner.java:413)
at org.testng.SuiteRunner.privateRun(SuiteRunner.java:373)
at org.testng.SuiteRunner.run(SuiteRunner.java:312)
at org.testng.SuiteRunnerWorker.runSuite(SuiteRunnerWorker.java:52)
at org.testng.SuiteRunnerWorker.run(SuiteRunnerWorker.java:95)
at org.testng.TestNG.runSuitesSequentially(TestNG.java:1274)
at org.testng.TestNG.runSuitesLocally(TestNG.java:1208)
at org.testng.TestNG.runSuites(TestNG.java:1112)
at org.testng.TestNG.run(TestNG.java:1079)
at org.testng.remote.AbstractRemoteTestNG.run(AbstractRemoteTestNG.java:115)
at org.testng.remote.RemoteTestNG.initAndRun(RemoteTestNG.java:293)
at org.testng.remote.RemoteTestNG.main(RemoteTestNG.java:91)
]]>
    </failure>
    <system-out>
      <![CDATA[User enter ID in Username field
User Enter Password in password field
Click on submit button in login page]]>
    </system-out>
  </testcase> <!-- setUp -->
  <testcase classname="com.report.test.transaction" name="testTIDInHistoryCardSummarypage" time="0.000">
    <skipped/>
  </testcase> <!-- testTIDInHistoryCardSummarypage -->
  <system-out>
    <![CDATA[User enter ID in Username field
User Enter Password in password field
Click on submit button in login page]]>
  </system-out>
</testsuite> <!-- com.report.test.transaction -->
